<!--

    This file is part of pwt.

    pwt is free software: you can redistribute it and/or modify it under the terms of the GNU Lesser
    General Public License as published by the Free Software Foundation, either version 3 of the
    License, or (at your option) any later version.

    pwt is distributed in the hope that it will be useful, but WITHOUT ANY WARRANTY; without even the
    implied warranty of MERCHANTABILITY or FITNESS FOR A PARTICULAR PURPOSE. See the GNU Lesser
    General Public License for more details.

    You should have received a copy of the GNU Lesser General Public License along with pwt. If not,
    see <http://www.gnu.org/licenses/>.

-->
<beans xmlns="http://www.springframework.org/schema/beans" 
	xmlns:xsi="http://www.w3.org/2001/XMLSchema-instance" 
	xmlns:context="http://www.springframework.org/schema/context" 
	xmlns:aop="http://www.springframework.org/schema/aop"
	xmlns:tx="http://www.springframework.org/schema/tx"
	xsi:schemaLocation="
			http://www.springframework.org/schema/beans http://www.springframework.org/schema/beans/spring-beans.xsd
			http://www.springframework.org/schema/context http://www.springframework.org/schema/context/spring-context.xsd
			http://www.springframework.org/schema/aop http://www.springframework.org/schema/aop/spring-aop.xsd
			http://www.springframework.org/schema/tx http://www.springframework.org/schema/tx/spring-tx.xsd
			"  default-lazy-init="false" >
	
		<context:property-placeholder location="file:${user.home}/pwt-spring-test.properties"
			ignore-resource-not-found="true" ignore-unresolvable="true"  local-override="true" />
		<context:property-placeholder location="classpath:pwt-spring.properties"
			ignore-unresolvable="true" local-override="false" />

</beans>